<?xml version="1.0" encoding="UTF-8"?>
<robot generator="Robot 7.3 (Python 3.13.2 on win32)" generated="2025-08-27T01:21:59.535932" rpa="false" schemaversion="5">
<suite id="s1" name="Bookstore-Demo-Test" source="C:\bookstore-demo-test">
<suite id="s1-s1" name="Register Test" source="C:\bookstore-demo-test\register_test.robot">
<test id="s1-s1-t1" name="Scenario: Sucess sing in as Natural Person" line="15">
<kw name="Open Browser" owner="SeleniumLibrary" type="SETUP">
<msg time="2025-08-27T01:22:00.144683" level="INFO">Opening browser 'chrome' to base url 'http://localhost:5173/'.</msg>
<arg>${URL}</arg>
<arg>${BROWSER}</arg>
<doc>Opens a new browser instance to the optional ``url``.</doc>
<status status="PASS" start="2025-08-27T01:22:00.142107" elapsed="11.340109"/>
</kw>
<kw name="Given Click Link" owner="SeleniumLibrary">
<msg time="2025-08-27T01:22:11.495417" level="INFO">Clicking link 'Minha conta'.</msg>
<arg>${MY_ACCOUNT_BUTTON}</arg>
<doc>Clicks a link identified by ``locator``.</doc>
<status status="PASS" start="2025-08-27T01:22:11.483917" elapsed="0.152217"/>
</kw>
<kw name="When Input Text" owner="SeleniumLibrary">
<msg time="2025-08-27T01:22:11.664552" level="INFO">Typing text 'lorem ipsum' into text field 'id: register-name'.</msg>
<arg>${NAME_TEXT_FIELD}</arg>
<arg>lorem ipsum</arg>
<doc>Types the given ``text`` into the text field identified by ``locator``.</doc>
<status status="PASS" start="2025-08-27T01:22:11.651203" elapsed="0.199817"/>
</kw>
<kw name="And Input Text" owner="SeleniumLibrary">
<msg time="2025-08-27T01:22:11.861712" level="INFO">Typing text 'lorem@ipsum.com' into text field 'id: register-mail'.</msg>
<arg>${MAIL_TEXT_FIELD}</arg>
<arg>lorem@ipsum.com</arg>
<doc>Types the given ``text`` into the text field identified by ``locator``.</doc>
<status status="PASS" start="2025-08-27T01:22:11.855542" elapsed="0.110056"/>
</kw>
<kw name="And Input Password" owner="SeleniumLibrary">
<msg time="2025-08-27T01:22:11.975053" level="INFO">Typing password into text field 'id: register-pass'.</msg>
<msg time="2025-08-27T01:22:12.012769" level="INFO">Temporally setting log level to: NONE</msg>
<arg>${PASS_TEXT_FIELD}</arg>
<arg>foo123</arg>
<doc>Types the given password into the text field identified by ``locator``.</doc>
<status status="PASS" start="2025-08-27T01:22:11.969810" elapsed="0.093987"/>
</kw>
<kw name="And Input Password" owner="SeleniumLibrary">
<msg time="2025-08-27T01:22:12.073260" level="INFO">Typing password into text field 'id: register-confirm-pass'.</msg>
<msg time="2025-08-27T01:22:12.112786" level="INFO">Temporally setting log level to: NONE</msg>
<arg>${CONFIRM_PASS_TEXT_FIELD}</arg>
<arg>foo123</arg>
<doc>Types the given password into the text field identified by ``locator``.</doc>
<status status="PASS" start="2025-08-27T01:22:12.068686" elapsed="0.116703"/>
</kw>
<kw name="And Select From List By Label" owner="SeleniumLibrary">
<msg time="2025-08-27T01:22:12.208550" level="INFO">Selecting options from selection list 'id: register-user-type' by label Pessoa Física.</msg>
<arg>${BUSINESS_ENTITY_COMBOBOX}</arg>
<arg>Pessoa Física</arg>
<doc>Selects options from selection list ``locator`` by ``labels``.</doc>
<status status="PASS" start="2025-08-27T01:22:12.197217" elapsed="0.084566"/>
</kw>
<kw name="And Select Checkbox" owner="SeleniumLibrary">
<msg time="2025-08-27T01:22:12.294050" level="INFO">Selecting checkbox 'id: terms-of-use'.</msg>
<arg>${TERMS_OF_USE_CHECKBOX}</arg>
<doc>Selects the checkbox identified by ``locator``.</doc>
<status status="PASS" start="2025-08-27T01:22:12.287522" elapsed="0.144434"/>
</kw>
<kw name="And Submit Form" owner="SeleniumLibrary">
<msg time="2025-08-27T01:22:12.443511" level="INFO">Submitting form 'name: register'.</msg>
<arg>${REGISTER_BUTTON}</arg>
<doc>Submits a form identified by ``locator``.</doc>
<status status="PASS" start="2025-08-27T01:22:12.437614" elapsed="0.037791"/>
</kw>
<kw name="Then Wait Until Page Contains" owner="SeleniumLibrary">
<arg>Lorem ipsum, teu cadastro foi realizado com sucesso!</arg>
<doc>Waits until ``text`` appears on the current page.</doc>
<status status="PASS" start="2025-08-27T01:22:12.483917" elapsed="0.063548"/>
</kw>
<kw name="And Page Should Contain Link" owner="SeleniumLibrary">
<msg time="2025-08-27T01:22:12.597053" level="INFO">Current page contains link '/my-wish-list'.</msg>
<arg>${MY_WISH_LIST_LINK}</arg>
<doc>Verifies link identified by ``locator`` is found from current page.</doc>
<status status="PASS" start="2025-08-27T01:22:12.562465" elapsed="0.035231"/>
</kw>
<kw name="And Page Should Contain Link" owner="SeleniumLibrary">
<msg time="2025-08-27T01:22:12.648738" level="INFO">Current page contains link '/my-orders'.</msg>
<arg>${MY_ORDERS_LINK}</arg>
<doc>Verifies link identified by ``locator`` is found from current page.</doc>
<status status="PASS" start="2025-08-27T01:22:12.607845" elapsed="0.041515"/>
</kw>
<kw name="Close All Browsers" owner="SeleniumLibrary" type="TEARDOWN">
<doc>Closes all open browsers and resets the browser cache.</doc>
<status status="PASS" start="2025-08-27T01:22:12.660064" elapsed="6.418156"/>
</kw>
<status status="PASS" start="2025-08-27T01:22:00.133744" elapsed="18.945116"/>
</test>
<test id="s1-s1-t2" name="Scenario: Sucess sing in as Juridical Person" line="31">
<kw name="Open Browser" owner="SeleniumLibrary" type="SETUP">
<msg time="2025-08-27T01:22:19.093577" level="INFO">Opening browser 'chrome' to base url 'http://localhost:5173/'.</msg>
<arg>${URL}</arg>
<arg>${BROWSER}</arg>
<doc>Opens a new browser instance to the optional ``url``.</doc>
<status status="PASS" start="2025-08-27T01:22:19.092484" elapsed="4.370623"/>
</kw>
<kw name="Given Click Link" owner="SeleniumLibrary">
<msg time="2025-08-27T01:22:23.476052" level="INFO">Clicking link 'Minha conta'.</msg>
<arg>${MY_ACCOUNT_BUTTON}</arg>
<doc>Clicks a link identified by ``locator``.</doc>
<status status="PASS" start="2025-08-27T01:22:23.465041" elapsed="0.135481"/>
</kw>
<kw name="When Input Text" owner="SeleniumLibrary">
<msg time="2025-08-27T01:22:23.620611" level="INFO">Typing text 'lorem ipsum' into text field 'id: register-name'.</msg>
<arg>${NAME_TEXT_FIELD}</arg>
<arg>lorem ipsum</arg>
<doc>Types the given ``text`` into the text field identified by ``locator``.</doc>
<status status="PASS" start="2025-08-27T01:22:23.610173" elapsed="0.166074"/>
</kw>
<kw name="And Input Text" owner="SeleniumLibrary">
<msg time="2025-08-27T01:22:23.786607" level="INFO">Typing text 'contato@loremipsum.com' into text field 'id: register-mail'.</msg>
<arg>${MAIL_TEXT_FIELD}</arg>
<arg>contato@loremipsum.com</arg>
<doc>Types the given ``text`` into the text field identified by ``locator``.</doc>
<status status="PASS" start="2025-08-27T01:22:23.780791" elapsed="0.120568"/>
</kw>
<kw name="And Input Password" owner="SeleniumLibrary">
<msg time="2025-08-27T01:22:23.912716" level="INFO">Typing password into text field 'id: register-pass'.</msg>
<msg time="2025-08-27T01:22:23.951005" level="INFO">Temporally setting log level to: NONE</msg>
<arg>${PASS_TEXT_FIELD}</arg>
<arg>54321</arg>
<doc>Types the given password into the text field identified by ``locator``.</doc>
<status status="PASS" start="2025-08-27T01:22:23.907892" elapsed="0.092677"/>
</kw>
<kw name="And Input Password" owner="SeleniumLibrary">
<msg time="2025-08-27T01:22:24.014890" level="INFO">Typing password into text field 'id: register-confirm-pass'.</msg>
<msg time="2025-08-27T01:22:24.055942" level="INFO">Temporally setting log level to: NONE</msg>
<arg>${CONFIRM_PASS_TEXT_FIELD}</arg>
<arg>54321</arg>
<doc>Types the given password into the text field identified by ``locator``.</doc>
<status status="PASS" start="2025-08-27T01:22:24.010152" elapsed="0.105311"/>
</kw>
<kw name="And Select From List By Label" owner="SeleniumLibrary">
<msg time="2025-08-27T01:22:24.130691" level="INFO">Selecting options from selection list 'id: register-user-type' by label Pessoa Jurídica.</msg>
<arg>${BUSINESS_ENTITY_COMBOBOX}</arg>
<arg>Pessoa Jurídica</arg>
<doc>Selects options from selection list ``locator`` by ``labels``.</doc>
<status status="PASS" start="2025-08-27T01:22:24.122971" elapsed="0.126306"/>
</kw>
<kw name="And Select Checkbox" owner="SeleniumLibrary">
<msg time="2025-08-27T01:22:24.263115" level="INFO">Selecting checkbox 'id: terms-of-use'.</msg>
<arg>${TERMS_OF_USE_CHECKBOX}</arg>
<doc>Selects the checkbox identified by ``locator``.</doc>
<status status="PASS" start="2025-08-27T01:22:24.256933" elapsed="0.135442"/>
</kw>
<kw name="And Submit Form" owner="SeleniumLibrary">
<msg time="2025-08-27T01:22:24.405401" level="INFO">Submitting form 'name: register'.</msg>
<arg>${REGISTER_BUTTON}</arg>
<doc>Submits a form identified by ``locator``.</doc>
<status status="PASS" start="2025-08-27T01:22:24.397807" elapsed="0.041123"/>
</kw>
<kw name="Then Wait Until Page Contains" owner="SeleniumLibrary">
<arg>Lorem ipsum, teu cadastro foi realizado com sucesso!</arg>
<doc>Waits until ``text`` appears on the current page.</doc>
<status status="PASS" start="2025-08-27T01:22:24.446982" elapsed="0.070901"/>
</kw>
<kw name="And Page Should Contain Link" owner="SeleniumLibrary">
<msg time="2025-08-27T01:22:24.567360" level="INFO">Current page contains link '/my-invoices'.</msg>
<arg>${MY_INVOICES_LINK}</arg>
<doc>Verifies link identified by ``locator`` is found from current page.</doc>
<status status="PASS" start="2025-08-27T01:22:24.529444" elapsed="0.038572"/>
</kw>
<kw name="And Page Should Contain Link" owner="SeleniumLibrary">
<msg time="2025-08-27T01:22:24.628099" level="INFO">Current page contains link '/my-orders'.</msg>
<arg>${MY_ORDERS_LINK}</arg>
<doc>Verifies link identified by ``locator`` is found from current page.</doc>
<status status="PASS" start="2025-08-27T01:22:24.579348" elapsed="0.049309"/>
</kw>
<kw name="Close All Browsers" owner="SeleniumLibrary" type="TEARDOWN">
<doc>Closes all open browsers and resets the browser cache.</doc>
<status status="PASS" start="2025-08-27T01:22:24.639412" elapsed="6.368267"/>
</kw>
<status status="PASS" start="2025-08-27T01:22:19.086628" elapsed="11.921776"/>
</test>
<doc>Como cliente da loja virtual, desejo criar um cadastro
no sistema para poder visualizar meus pedidos e listas de desejos.</doc>
<status status="PASS" start="2025-08-27T01:21:59.647389" elapsed="31.370472"/>
</suite>
<status status="PASS" start="2025-08-27T01:21:59.547795" elapsed="31.478984"/>
</suite>
<statistics>
<total>
<stat pass="2" fail="0" skip="0">All Tests</stat>
</total>
<tag>
</tag>
<suite>
<stat name="Bookstore-Demo-Test" id="s1" pass="2" fail="0" skip="0">Bookstore-Demo-Test</stat>
<stat name="Register Test" id="s1-s1" pass="2" fail="0" skip="0">Bookstore-Demo-Test.Register Test</stat>
</suite>
</statistics>
<errors>
</errors>
</robot>
